生成启动时间为 2016/1/11 15:21:15。
     1>项目“F:\php5.4\php-5.4.35-src\ext\my_yii\yii.vcxproj”在节点 2 上(Build 个目标)。
     1>ClCompile:
         D:\Program Files (x86)\Microsoft Visual Studio 12.0\VC\bin\CL.exe /c /I"F:\php5.4\php-5.4.35-src" /I"F:\php5.4\php-5.4.35-src\main" /I"F:\php5.4\php-5.4.35-src\TSRM" /I"F:\php5.4\php-5.4.35-src\Zend" /I"F:\php5.4\php-5.4.35-src\ext\my_yii" /Zi /nologo /W3 /WX- /Od /Oy- /D WIN32 /D _DEBUG /D _WINDOWS /D _USRDLL /D YII_EXPORTS /D ZEND_DEBUG=0 /D PHP_EXTENSION /D PHP_WIN32 /D ZEND_WIN32 /D HAVE_MY_YII=1 /D COMPILE_DL_MY_YII /D ZTS /D _WINDLL /Gm /EHsc /RTC1 /MDd /GS /fp:precise /Zc:wchar_t /Zc:forScope /Fo"Debug\\" /Fd"Debug\vc120.pdb" /Gd /TC /analyze- /errorReport:prompt my_yii.c
         my_yii.c
       Link:
         D:\Program Files (x86)\Microsoft Visual Studio 12.0\VC\bin\link.exe /ERRORREPORT:PROMPT /OUT:"D:\Program Files\phpStudy\php54n\ext\yii.dll" /INCREMENTAL /NOLOGO "F:\php5.4\php-5.4.35-Win32-VC9-x86\dev\php5ts.lib" kernel32.lib user32.lib gdi32.lib winspool.lib comdlg32.lib advapi32.lib shell32.lib ole32.lib oleaut32.lib uuid.lib odbc32.lib odbccp32.lib /MANIFEST /MANIFESTUAC:"level='asInvoker' uiAccess='false'" /manifest:embed /DEBUG /PDB:"D:\Program Files\phpStudy\php54n\ext\yii.pdb" /SUBSYSTEM:WINDOWS /TLBID:1 /DYNAMICBASE /NXCOMPAT /IMPLIB:"D:\Program Files\phpStudy\php54n\ext\yii.lib" /MACHINE:X86 /DLL Debug\baseyii.obj
         Debug\exception.obj
         Debug\invalid_call_exception.obj
         Debug\invalid_config_exception.obj
         Debug\object.obj
         Debug\unknown_method_exception.obj
         Debug\unknown_property_exception.obj
         Debug\user_exception.obj
         Debug\common.obj
         Debug\my_yii.obj
         Debug\yii.obj
         yii.vcxproj -> D:\Program Files\phpStudy\php54n\ext\yii.dll
     1>已完成生成项目“F:\php5.4\php-5.4.35-src\ext\my_yii\yii.vcxproj”(Build 个目标)的操作。

生成成功。

已用时间 00:00:01.93
